08.02.2022 14:34:03 - Andrej Knezevic, Uspesno obrisan korisnik
06.01.2022 16:29:10 - Andrej Knezevic, Uspesno obrisan korisnik
06.01.2022 16:29:06 - Andrej Knezevic, Uspesno izmenjen korisnik 
06.01.2022 16:29:03 - Andrej Knezevic, Uspesno obrisan korisnik
06.01.2022 16:28:59 - Andrej Knezevic, Uspesno obrisan korisnik
10.09.2021 13:32:27 - Andrej Knezevic, Dodat novi korisnik Milos Milosevic
10.09.2021 13:32:12 - Andrej Knezevic, Dodat novi korisnik Marko Markovic
07.09.2021 17:41:15 - Andrej Knezevic, Uspesno izmenjen korisnik 
07.09.2021 17:41:10 - Andrej Knezevic, Uspesno izmenjen korisnik 
07.09.2021 13:10:24 - Andrej Knezevic, Dodat novi korisnik Marko Markovic
27.08.2021 14:32:59 - Andrej Knezevic, Uspesno obrisan korisnik
10.07.2021 20:34:24 - Andrej Knezevic, Uspesno izmenjen korisnik 
10.07.2021 20:34:20 - Andrej Knezevic, Uspesno izmenjen korisnik 
08.07.2021 19:15:53 - Andrej Knezevic, Uspesno izmenjen korisnik 
08.07.2021 19:15:47 - Andrej Knezevic, Uspesno izmenjen korisnik 
06.07.2021 15:30:11 - Andrej Knezevic, Dodat novi korisnik Marko Milosevic
06.07.2021 15:29:44 - Andrej Knezevic, Uspesno obrisan korisnik
05.07.2021 15:33:28 - Andrej Knezevic, Uspesno izmenjen korisnik 
05.07.2021 15:33:21 - Andrej Knezevic, Uspesno izmenjen korisnik 
05.07.2021 13:41:10 - Andrej, Uspesno izmenjen korisnik 
05.07.2021 13:41:05 - Andrej, Uspesno obrisan korisnik
05.07.2021 13:41:01 - Andrej, Dodat novi korisnik a a
05.07.2021 13:37:47 - Andrej, Uspesno izmenjen korisnik 
05.07.2021 13:35:29 - Andrej, Uspesna prijava
05.07.2021 13:34:40 - Andrej, Uspesna prijava
05.07.2021 13:34:05 - Andrej, Uspesna prijava  
05.07.2021 13:33:51 - Andrej, Uspesno promenjena lozinka
