08.02.2022 18:54:57 -  Uspesna odjava
08.02.2022 18:54:37 - Andrej Knezevic, Uspesna prijava
08.02.2022 18:54:33 -  Uspesna odjava
08.02.2022 18:49:37 - Andrej Knezevic, Uspesna prijava
08.02.2022 18:40:02 -  Uspesna odjava
07.02.2022 19:50:09 - Andrej Knezevic, Uspesna prijava
12.01.2022 13:25:15 -  Uspesna odjava
12.01.2022 13:24:33 - Andrej Knezevic, Uspesna prijava
07.01.2022 17:48:20 -  Uspesna odjava
07.01.2022 17:43:38 - Andrej Knezevic, Uspesna prijava
06.01.2022 18:48:16 -  Uspesna odjava
06.01.2022 18:47:41 - Andrej Knezevic, Uspesna prijava
06.01.2022 16:31:31 - Andrej Knezevic, Uspesna prijava
06.01.2022 16:31:25 -  Uspesna odjava
06.01.2022 16:28:16 - Andrej Knezevic, Uspesna prijava
29.12.2021 15:55:36 - Andrej Knezevic, Uspesna prijava
29.12.2021 15:54:11 -  Uspesna odjava
29.12.2021 15:54:05 - Andrej Knezevic, Uspesna prijava
29.12.2021 15:54:05 - Andrej Knezevic, Uspesna prijava
29.12.2021 15:54:05 - Andrej Knezevic, Uspesna prijava
29.12.2021 15:54:05 - Andrej Knezevic, Uspesna prijava
29.12.2021 15:54:05 - Andrej Knezevic, Uspesna prijava
29.12.2021 15:54:05 - Andrej Knezevic, Uspesna prijava
29.12.2021 15:54:05 - Andrej Knezevic, Uspesna prijava
29.12.2021 15:54:05 - Andrej Knezevic, Uspesna prijava
18.09.2021 14:55:15 - Andrej Knezevic, Uspesna prijava
18.09.2021 14:55:09 -  Uspesna odjava
18.09.2021 14:52:32 - Andrej Knezevic, Uspesna prijava
18.09.2021 14:50:36 -  Uspesna odjava
18.09.2021 14:49:48 - Andrej Knezevic, Uspesna prijava
18.09.2021 14:45:24 -  Uspesna odjava
18.09.2021 14:45:17 - Andrej Knezevic, Uspesna prijava
14.09.2021 17:59:54 - Andrej Knezevic, Uspesna prijava
14.09.2021 17:59:31 -  Uspesna odjava
14.09.2021 17:58:16 - Andrej Knezevic, Uspesna prijava
14.09.2021 12:52:33 -  Uspesna odjava
14.09.2021 12:49:27 - Andrej Knezevic, Uspesna prijava
14.09.2021 12:39:28 -  Uspesna odjava
14.09.2021 12:32:04 - Andrej Knezevic, Uspesna prijava
11.09.2021 00:34:06 -  Uspesna odjava
11.09.2021 00:33:57 - Andrej Knezevic, Uspesna prijava
11.09.2021 00:33:41 -  Uspesna odjava
11.09.2021 00:33:13 - Andrej Knezevic, Uspesna prijava
10.09.2021 20:42:43 - Andrej Knezevic, Uspesna prijava
10.09.2021 20:39:14 -  Uspesna odjava
10.09.2021 20:36:58 - Milan Milanovic, Uspesna prijava
10.09.2021 20:36:49 -  Uspesna odjava
10.09.2021 20:32:27 - Andrej Knezevic, Uspesna prijava
10.09.2021 20:12:34 -  Uspesna odjava
10.09.2021 19:55:42 - Andrej Knezevic, Uspesna prijava
10.09.2021 16:42:13 - Andrej Knezevic, Uspesna prijava
10.09.2021 16:42:08 -  Uspesna odjava
10.09.2021 16:17:04 - Andrej Knezevic, Uspesna prijava
10.09.2021 16:16:50 -  Uspesna odjava
10.09.2021 13:36:19 - Andrej Knezevic, Uspesna prijava
10.09.2021 13:36:14 -  Uspesna odjava
10.09.2021 13:35:52 - Marko Markovic, Uspesna prijava
10.09.2021 13:35:07 -  Uspesna odjava
10.09.2021 13:16:38 - Andrej Knezevic, Uspesna prijava
10.09.2021 13:16:29 -  Uspesna odjava
10.09.2021 13:15:48 - Milan Milanovic, Uspesna prijava
10.09.2021 13:15:26 -  Uspesna odjava
10.09.2021 13:05:30 - Andrej Knezevic, Uspesna prijava
09.09.2021 20:06:43 -  Uspesna odjava
09.09.2021 19:55:54 - Andrej Knezevic, Uspesna prijava
09.09.2021 19:55:36 -  Uspesna odjava
09.09.2021 19:49:56 - Andrej Knezevic, Uspesna prijava
09.09.2021 19:49:39 -  Uspesna odjava
09.09.2021 19:49:20 - Milan Milanovic, Uspesna prijava
09.09.2021 19:49:07 -  Uspesna odjava
09.09.2021 19:48:53 - Marko Markovic, Uspesna prijava
09.09.2021 19:05:52 -  Uspesna odjava
09.09.2021 19:05:30 - Andrej Knezevic, Uspesna prijava
07.09.2021 17:59:27 -  Uspesna odjava
07.09.2021 17:59:13 - Andrej Knezevic, Uspesna prijava
07.09.2021 17:50:21 -  Uspesna odjava
07.09.2021 17:40:36 - Andrej Knezevic, Uspesna prijava
07.09.2021 17:40:06 -  Uspesna odjava
07.09.2021 17:38:23 - Andrej Knezevic, Uspesna prijava
07.09.2021 17:36:02 -  Uspesna odjava
07.09.2021 17:34:38 - Andrej Knezevic, Uspesna prijava
07.09.2021 13:19:20 -  Uspesna odjava
07.09.2021 13:18:33 - Andrej Knezevic, Uspesna prijava
07.09.2021 13:18:00 -  Uspesna odjava
07.09.2021 13:13:56 - Andrej Knezevic, Uspesna prijava
07.09.2021 13:11:08 -  Uspesna odjava
07.09.2021 13:09:39 - Andrej Knezevic, Uspesna prijava
27.08.2021 14:33:11 -  Uspesna odjava
27.08.2021 14:16:23 - Andrej Knezevic, Uspesna prijava
19.07.2021 15:48:48 - Andrej Knezevic, Uspesna prijava
19.07.2021 15:48:40 -  Uspesna odjava
19.07.2021 14:16:48 - Andrej Knezevic, Uspesna prijava
19.07.2021 14:16:42 -  Uspesna odjava
19.07.2021 14:15:38 - Andrej Knezevic, Uspesna prijava
19.07.2021 14:15:33 -  Uspesna odjava
19.07.2021 14:01:56 - Andrej Knezevic, Uspesna prijava
15.07.2021 14:31:30 - Andrej Knezevic, Uspesna prijava
14.07.2021 20:34:22 -  Uspesna odjava
14.07.2021 20:33:00 - Andrej Knezevic, Uspesna prijava
14.07.2021 15:56:20 - Andrej Knezevic, Uspesna prijava
14.07.2021 15:41:55 - Andrej Knezevic, Uspesna prijava
14.07.2021 14:54:40 - Andrej Knezevic, Uspesna prijava
13.07.2021 19:36:26 -  Uspesna odjava
13.07.2021 19:24:00 - Andrej Knezevic, Uspesna prijava
13.07.2021 19:23:50 -  Uspesna odjava
13.07.2021 19:15:07 - Andrej Knezevic, Uspesna prijava
11.07.2021 12:03:57 -  Uspesna odjava
11.07.2021 12:01:00 - Andrej Knezevic, Uspesna prijava
11.07.2021 00:37:51 -  Uspesna odjava
11.07.2021 00:31:31 - Andrej Knezevic, Uspesna prijava
10.07.2021 20:59:28 -  Uspesna odjava
10.07.2021 20:13:27 - Andrej Knezevic, Uspesna prijava
10.07.2021 14:45:36 - Andrej Knezevic, Uspesna prijava
08.07.2021 19:18:44 -  Uspesna odjava
08.07.2021 19:16:52 - Milan Milanovic, Uspesna prijava
08.07.2021 19:16:43 -  Uspesna odjava
08.07.2021 19:15:20 - Andrej Knezevic, Uspesna prijava
06.07.2021 15:56:35 - Andrej Knezevic, Uspesna prijava
06.07.2021 15:56:30 -  Uspesna odjava
06.07.2021 15:56:04 - Milan Milanovic, Uspesna prijava
06.07.2021 15:55:44 -  Uspesna odjava
06.07.2021 15:14:39 - Andrej Knezevic, Uspesna prijava
06.07.2021 15:14:34 -  Uspesna odjava
06.07.2021 15:12:56 - Milutin Markovic, Uspesna prijava
06.07.2021 15:12:30 -  Uspesna odjava
06.07.2021 15:08:55 - Andrej Knezevic, Uspesna prijava
06.07.2021 15:08:49 -  Uspesna odjava
06.07.2021 15:08:33 - Milan Milanovic, Uspesna prijava
06.07.2021 15:08:27 -  Uspesna odjava
06.07.2021 15:02:13 - Andrej Knezevic, Uspesna prijava
06.07.2021 15:02:09 -  Uspesna odjava
06.07.2021 15:01:44 - Milan Milanovic, Uspesna prijava
06.07.2021 15:01:36 -  Uspesna odjava
06.07.2021 14:54:59 - Andrej Knezevic, Uspesna prijava
06.07.2021 14:54:55 -  Uspesna odjava
06.07.2021 14:53:09 - Milan Milanovic, Uspesna prijava
06.07.2021 14:53:03 -  Uspesna odjava
06.07.2021 14:50:41 - Andrej Knezevic, Uspesna prijava
06.07.2021 14:50:32 -  Uspesna odjava
06.07.2021 14:47:11 - Milan Milanovic, Uspesna prijava
06.07.2021 14:47:01 -  Uspesna odjava
06.07.2021 12:33:11 - Andrej Knezevic, Uspesna prijava
05.07.2021 15:45:51 -  Uspesna odjava
05.07.2021 15:40:34 - Andrej Knezevic, Uspesna prijava
05.07.2021 15:39:37 -  Uspesna odjava
05.07.2021 15:34:01 - Andrej Knezevic, Uspesna prijava
05.07.2021 15:33:56 -  Uspesna odjava
05.07.2021 15:33:45 - Milan Milanovic, Uspesna prijava
05.07.2021 15:33:36 -  Uspesna odjava
05.07.2021 15:30:20 - Andrej, Uspesna prijava
05.07.2021 15:30:15 -  Uspesna odjava
05.07.2021 15:29:27 - Milan, Uspesna prijava
05.07.2021 15:29:02 -  Uspesna odjava
05.07.2021 15:28:43 - Andrej, Uspesna prijava
05.07.2021 15:25:57 -  Uspesna odjava
05.07.2021 14:03:53 - Andrej, Uspesna prijava
05.07.2021 14:03:49 - , Uspesna odjava
05.07.2021 14:03:25 - Andrej, Uspesna prijava
05.07.2021 14:02:43 - Andrej, Uspesna prijava
05.07.2021 13:58:30 - Andrej, Uspesna prijava
