19.07.2021 15:48:15 - Andrej Knezevic, Uspesno obrisana vest sa id: 57
10.07.2021 20:21:11 - Andrej Knezevic, Uspesno obrisana vest sa id: 78
10.07.2021 20:16:22 - Andrej, Uspesno dodata vest sa id: 78
10.07.2021 17:16:32 - Andrej, Uspesno dodata vest sa id: 77
10.07.2021 17:16:04 - Andrej, Uspesno dodata vest sa id: 76
10.07.2021 17:15:46 - Andrej, Uspesno dodata vest sa id: 75
10.07.2021 17:14:15 - Andrej, Uspesno dodata vest sa id: 74
10.07.2021 17:13:45 - Andrej, Uspesno dodata vest sa id: 73
10.07.2021 17:13:18 - Andrej, Uspesno dodata vest sa id: 72
10.07.2021 17:12:29 - Andrej, Uspesno dodata vest sa id: 71
10.07.2021 17:11:46 - Andrej, Uspesno dodata vest sa id: 70
10.07.2021 17:11:17 - Andrej, Uspesno dodata vest sa id: 69
10.07.2021 17:10:44 - Andrej, Uspesno dodata vest sa id: 68
10.07.2021 17:10:04 - Andrej, Uspesno dodata vest sa id: 67
10.07.2021 17:09:29 - Andrej, Uspesno dodata vest sa id: 66
10.07.2021 17:08:42 - Andrej, Uspesno dodata vest sa id: 65
10.07.2021 17:08:01 - Andrej, Uspesno dodata vest sa id: 64
10.07.2021 17:07:05 - Andrej, Uspesno dodata vest sa id: 63
10.07.2021 17:06:32 - Andrej, Uspesno dodata vest sa id: 62
10.07.2021 17:05:59 - Andrej, Uspesno dodata vest sa id: 61
10.07.2021 17:05:23 - Andrej, Uspesno dodata vest sa id: 60
10.07.2021 17:04:11 - Andrej, Uspesno dodata vest sa id: 59
10.07.2021 17:03:36 - Andrej, Uspesno dodata vest sa id: 58
10.07.2021 17:02:57 - Andrej, Uspesno dodata vest sa id: 57
10.07.2021 17:01:55 - Andrej, Uspesno dodata vest sa id: 56
10.07.2021 17:01:24 - Andrej, Uspesno dodata vest sa id: 55
10.07.2021 17:01:05 - Andrej Knezevic, Uspesno obrisana vest sa id: 54
10.07.2021 16:59:25 - Andrej, Uspesno dodata vest sa id: 54
06.07.2021 15:50:21 - Andrej Knezevic, Uspesno obrisana vest sa id: 52
06.07.2021 15:50:12 - Andrej, Uspesno dodata vest sa id: 52
05.07.2021 15:33:54 - Milan, Uspesno obrisana vest sa id: 35
05.07.2021 13:21:04 - Andrej, Uspesno obrisana vest sa id: 49
05.07.2021 13:21:02 - Andrej, Uspesno obrisana vest sa id: 51
05.07.2021 13:21:00 - Andrej, Uspesno obrisana vest sa id: 50
05.07.2021 13:20:45 - Andrej, Uspesno dodata vest sa id: 51
05.07.2021 13:20:34 - Andrej, Uspesno dodata vest sa id: 50
05.07.2021 13:19:55 - Andrej, Uspesno obrisana vest sa id: 41
05.07.2021 13:19:54 - Andrej, Uspesno obrisana vest sa id: 40
05.07.2021 13:19:52 - Andrej, Uspesno obrisana vest sa id: 39
05.07.2021 13:19:50 - Andrej, Uspesno obrisana vest sa id: 38
05.07.2021 13:19:47 - Andrej, Uspesno obrisana vest sa id: 37
05.07.2021 13:19:44 - Andrej, Uspesno obrisana vest sa id: 36
05.07.2021 13:19:01 - Andrej, Uspesno obrisana vest  
